[2020-02-10T16:31:51.302] [DEBUG] cheese - login => username:shepi,password:123
[2020-02-10T16:31:51.304] [DEBUG] cheese - shepi
[2020-02-10T16:31:51.375] [DEBUG] cheese - null
[2020-02-10T16:31:51.376] [DEBUG] cheese - null
[2020-02-10T16:34:18.275] [DEBUG] cheese - login => username:admin,password:123456
[2020-02-10T16:34:18.275] [DEBUG] cheese - admin
[2020-02-10T16:34:18.281] [DEBUG] cheese - null
[2020-02-10T16:34:18.283] [DEBUG] cheese - null
[2020-02-11T21:02:11.230] [DEBUG] cheese - login => username:admin,password:123456
[2020-02-11T21:02:11.252] [DEBUG] cheese - admin
[2020-02-11T21:02:11.512] [DEBUG] cheese - null
[2020-02-11T21:02:11.513] [DEBUG] cheese - null
[2020-02-11T21:02:22.429] [DEBUG] cheese - login => username:admin,password:123456
[2020-02-11T21:02:22.430] [DEBUG] cheese - admin
[2020-02-11T21:02:22.433] [DEBUG] cheese - null
[2020-02-11T21:02:22.433] [DEBUG] cheese - null
[2020-02-11T21:02:56.974] [DEBUG] cheese - login => username:admin,password:123445
[2020-02-11T21:02:56.974] [DEBUG] cheese - admin
[2020-02-11T21:02:56.978] [DEBUG] cheese - null
[2020-02-11T21:02:56.978] [DEBUG] cheese - null
[2020-02-11T21:03:00.497] [DEBUG] cheese - login => username:admin,password:123456
[2020-02-11T21:03:00.497] [DEBUG] cheese - admin
[2020-02-11T21:03:00.501] [DEBUG] cheese - null
[2020-02-11T21:03:00.501] [DEBUG] cheese - null
[2020-02-11T21:04:21.604] [DEBUG] cheese - login => username:admin,password:123456
[2020-02-11T21:04:21.605] [DEBUG] cheese - admin
[2020-02-11T21:04:21.615] [DEBUG] cheese - null
[2020-02-11T21:04:21.615] [DEBUG] cheese - null
[2020-02-11T21:07:13.887] [DEBUG] cheese - login => username:admin,password:123456777
[2020-02-11T21:07:13.887] [DEBUG] cheese - admin
[2020-02-11T21:07:13.890] [DEBUG] cheese - null
[2020-02-11T21:07:13.890] [DEBUG] cheese - null
[2020-02-11T21:07:22.019] [DEBUG] cheese - login => username:admin,password:123456
[2020-02-11T21:07:22.019] [DEBUG] cheese - admin
[2020-02-11T21:07:22.022] [DEBUG] cheese - null
[2020-02-11T21:07:22.022] [DEBUG] cheese - null
[2020-02-11T21:09:16.192] [DEBUG] cheese - login => username:admin,password:1234567
[2020-02-11T21:09:16.192] [DEBUG] cheese - admin
[2020-02-11T21:09:16.197] [DEBUG] cheese - null
[2020-02-11T21:09:16.197] [DEBUG] cheese - null
[2020-02-11T21:09:20.811] [DEBUG] cheese - login => username:admin,password:123456
[2020-02-11T21:09:20.811] [DEBUG] cheese - admin
[2020-02-11T21:09:20.817] [DEBUG] cheese - null
[2020-02-11T21:09:20.817] [DEBUG] cheese - null
[2020-02-11T22:28:45.113] [DEBUG] cheese - login => username:admin,password:123456
[2020-02-11T22:28:45.114] [DEBUG] cheese - admin
[2020-02-11T22:28:45.725] [DEBUG] cheese - null
[2020-02-11T22:28:45.725] [DEBUG] cheese - null
[2020-02-11T22:33:21.415] [DEBUG] cheese - login => username:admin,password:123456
[2020-02-11T22:33:21.415] [DEBUG] cheese - admin
[2020-02-11T22:33:21.420] [DEBUG] cheese - null
[2020-02-11T22:33:21.420] [DEBUG] cheese - null
[2020-02-11T22:33:50.895] [DEBUG] cheese - login => username:admin,password:123456
[2020-02-11T22:33:50.895] [DEBUG] cheese - admin
[2020-02-11T22:33:50.899] [DEBUG] cheese - null
[2020-02-11T22:33:50.899] [DEBUG] cheese - null
[2020-02-11T22:39:39.174] [DEBUG] cheese - login => username:admin,password:123456
[2020-02-11T22:39:39.174] [DEBUG] cheese - admin
[2020-02-11T22:39:39.183] [DEBUG] cheese - null
[2020-02-11T22:39:39.183] [DEBUG] cheese - null
[2020-02-11T22:39:41.873] [DEBUG] cheese - login => username:admin,password:12345633
[2020-02-11T22:39:41.873] [DEBUG] cheese - admin
[2020-02-11T22:39:41.880] [DEBUG] cheese - null
[2020-02-11T22:39:41.880] [DEBUG] cheese - null
[2020-02-11T22:39:51.221] [DEBUG] cheese - login => username:admin,password:123456
[2020-02-11T22:39:51.221] [DEBUG] cheese - admin
[2020-02-11T22:39:51.227] [DEBUG] cheese - null
[2020-02-11T22:39:51.300] [DEBUG] cheese - null
[2020-02-11T22:40:52.470] [DEBUG] cheese - login => username:admin,password:1234567
[2020-02-11T22:40:52.470] [DEBUG] cheese - admin
[2020-02-11T22:40:52.496] [DEBUG] cheese - null
[2020-02-11T22:40:52.496] [DEBUG] cheese - null
[2020-02-11T22:40:56.037] [DEBUG] cheese - login => username:admin,password:123456
[2020-02-11T22:40:56.037] [DEBUG] cheese - admin
[2020-02-11T22:40:56.040] [DEBUG] cheese - null
[2020-02-11T22:40:56.040] [DEBUG] cheese - null
[2020-02-11T22:42:12.927] [DEBUG] cheese - login => username:admin,password:1234567
[2020-02-11T22:42:12.928] [DEBUG] cheese - admin
[2020-02-11T22:42:12.934] [DEBUG] cheese - null
[2020-02-11T22:42:12.934] [DEBUG] cheese - null
[2020-02-11T22:42:17.371] [DEBUG] cheese - login => username:admin,password:123456
[2020-02-11T22:42:17.371] [DEBUG] cheese - admin
[2020-02-11T22:42:17.374] [DEBUG] cheese - null
[2020-02-11T22:42:17.374] [DEBUG] cheese - null
[2020-02-12T10:17:21.605] [DEBUG] cheese - login => username:admin,password:123456
[2020-02-12T10:17:21.607] [DEBUG] cheese - admin
[2020-02-12T10:17:21.755] [DEBUG] cheese - null
[2020-02-12T10:17:21.757] [DEBUG] cheese - null
[2020-02-12T10:48:01.991] [DEBUG] cheese - login => username:admin,password:123456
[2020-02-12T10:48:01.992] [DEBUG] cheese - admin
[2020-02-12T10:48:01.999] [DEBUG] cheese - null
[2020-02-12T10:48:01.999] [DEBUG] cheese - null
[2020-02-12T10:51:46.804] [DEBUG] cheese - login => username:admin,password:123456
[2020-02-12T10:51:46.805] [DEBUG] cheese - admin
[2020-02-12T10:51:46.807] [DEBUG] cheese - null
[2020-02-12T10:51:46.807] [DEBUG] cheese - null
[2020-02-12T11:13:30.416] [DEBUG] cheese - login => username:admin,password:123456
[2020-02-12T11:13:30.416] [DEBUG] cheese - admin
[2020-02-12T11:13:30.420] [DEBUG] cheese - null
[2020-02-12T11:13:30.420] [DEBUG] cheese - null
[2020-02-12T11:18:30.529] [DEBUG] cheese - login => username:admin,password:123456
[2020-02-12T11:18:30.529] [DEBUG] cheese - admin
[2020-02-12T11:18:30.532] [DEBUG] cheese - null
[2020-02-12T11:18:30.533] [DEBUG] cheese - null
[2020-02-12T11:19:43.289] [DEBUG] cheese - login => username:admin,password:123456
[2020-02-12T11:19:43.289] [DEBUG] cheese - admin
[2020-02-12T11:19:43.292] [DEBUG] cheese - null
[2020-02-12T11:19:43.292] [DEBUG] cheese - null
[2020-02-12T15:58:18.887] [DEBUG] cheese - login => username:admin,password:123456
[2020-02-12T15:58:18.887] [DEBUG] cheese - admin
[2020-02-12T15:58:18.893] [DEBUG] cheese - null
[2020-02-12T15:58:18.894] [DEBUG] cheese - null
[2020-02-12T20:49:25.353] [DEBUG] cheese - login => username:admin,password:123456
[2020-02-12T20:49:25.353] [DEBUG] cheese - admin
[2020-02-12T20:49:25.360] [DEBUG] cheese - null
[2020-02-12T20:49:25.360] [DEBUG] cheese - null
[2020-02-12T20:50:20.548] [DEBUG] cheese - login => username:admin,password:123456
[2020-02-12T20:50:20.549] [DEBUG] cheese - admin
[2020-02-12T20:50:20.555] [DEBUG] cheese - null
[2020-02-12T20:50:20.555] [DEBUG] cheese - null
[2020-02-12T20:51:22.823] [DEBUG] cheese - login => username:admin,password:123456
[2020-02-12T20:51:22.823] [DEBUG] cheese - admin
[2020-02-12T20:51:22.830] [DEBUG] cheese - null
[2020-02-12T20:51:22.830] [DEBUG] cheese - null
[2020-02-12T20:51:55.126] [DEBUG] cheese - login => username:admin,password:123456
[2020-02-12T20:51:55.126] [DEBUG] cheese - admin
[2020-02-12T20:51:55.131] [DEBUG] cheese - null
[2020-02-12T20:51:55.131] [DEBUG] cheese - null
[2020-02-12T20:52:02.537] [DEBUG] cheese - login => username:admin,password:123456
[2020-02-12T20:52:02.538] [DEBUG] cheese - admin
[2020-02-12T20:52:02.542] [DEBUG] cheese - null
[2020-02-12T20:52:02.542] [DEBUG] cheese - null
[2020-02-12T21:00:13.759] [DEBUG] cheese - login => username:admin,password:123456
[2020-02-12T21:00:13.760] [DEBUG] cheese - admin
[2020-02-12T21:00:13.764] [DEBUG] cheese - null
[2020-02-12T21:00:13.764] [DEBUG] cheese - null
[2020-02-12T21:08:57.721] [DEBUG] cheese - login => username:admin,password:123456
[2020-02-12T21:08:57.721] [DEBUG] cheese - admin
[2020-02-12T21:08:57.727] [DEBUG] cheese - null
[2020-02-12T21:08:57.727] [DEBUG] cheese - null
[2020-02-12T21:10:10.338] [DEBUG] cheese - login => username:admin,password:123456
[2020-02-12T21:10:10.339] [DEBUG] cheese - admin
[2020-02-12T21:10:10.344] [DEBUG] cheese - null
[2020-02-12T21:10:10.345] [DEBUG] cheese - null
[2020-02-12T21:13:21.183] [DEBUG] cheese - login => username:admin,password:123456
[2020-02-12T21:13:21.183] [DEBUG] cheese - admin
[2020-02-12T21:13:21.189] [DEBUG] cheese - null
[2020-02-12T21:13:21.189] [DEBUG] cheese - null
[2020-02-12T21:13:33.280] [DEBUG] cheese - login => username:admin,password:123456
[2020-02-12T21:13:33.280] [DEBUG] cheese - admin
[2020-02-12T21:13:33.283] [DEBUG] cheese - null
[2020-02-12T21:13:33.283] [DEBUG] cheese - null
[2020-02-12T21:13:41.450] [DEBUG] cheese - login => username:admin,password:123456
[2020-02-12T21:13:41.451] [DEBUG] cheese - admin
[2020-02-12T21:13:41.455] [DEBUG] cheese - null
[2020-02-12T21:13:41.455] [DEBUG] cheese - null
[2020-02-12T21:13:50.243] [DEBUG] cheese - login => username:admin,password:123456
[2020-02-12T21:13:50.243] [DEBUG] cheese - admin
[2020-02-12T21:13:50.245] [DEBUG] cheese - null
[2020-02-12T21:13:50.245] [DEBUG] cheese - null
[2020-02-12T21:14:22.080] [DEBUG] cheese - login => username:admin,password:123456
[2020-02-12T21:14:22.080] [DEBUG] cheese - admin
[2020-02-12T21:14:22.084] [DEBUG] cheese - null
[2020-02-12T21:14:22.084] [DEBUG] cheese - null
[2020-02-12T21:14:42.567] [DEBUG] cheese - login => username:admin,password:123456
[2020-02-12T21:14:42.567] [DEBUG] cheese - admin
[2020-02-12T21:14:42.573] [DEBUG] cheese - null
[2020-02-12T21:14:42.573] [DEBUG] cheese - null
[2020-02-12T21:14:48.689] [DEBUG] cheese - login => username:admin,password:123456
[2020-02-12T21:14:48.689] [DEBUG] cheese - admin
[2020-02-12T21:14:48.694] [DEBUG] cheese - null
[2020-02-12T21:14:48.694] [DEBUG] cheese - null
[2020-02-12T21:15:20.198] [DEBUG] cheese - login => username:admin,password:123456
[2020-02-12T21:15:20.198] [DEBUG] cheese - admin
[2020-02-12T21:15:20.201] [DEBUG] cheese - null
[2020-02-12T21:15:20.201] [DEBUG] cheese - null
[2020-02-12T21:15:29.910] [DEBUG] cheese - login => username:admin,password:123456
[2020-02-12T21:15:29.910] [DEBUG] cheese - admin
[2020-02-12T21:15:29.912] [DEBUG] cheese - null
[2020-02-12T21:15:29.913] [DEBUG] cheese - null
[2020-02-12T21:15:40.225] [DEBUG] cheese - login => username:admin,password:123456
[2020-02-12T21:15:40.225] [DEBUG] cheese - admin
[2020-02-12T21:15:40.229] [DEBUG] cheese - null
[2020-02-12T21:15:40.229] [DEBUG] cheese - null
[2020-02-12T21:19:44.151] [DEBUG] cheese - login => username:admin,password:123456
[2020-02-12T21:19:44.151] [DEBUG] cheese - admin
[2020-02-12T21:19:44.154] [DEBUG] cheese - null
[2020-02-12T21:19:44.154] [DEBUG] cheese - null
[2020-02-12T21:25:04.373] [DEBUG] cheese - login => username:admin,password:123456
[2020-02-12T21:25:04.373] [DEBUG] cheese - admin
[2020-02-12T21:25:04.377] [DEBUG] cheese - null
[2020-02-12T21:25:04.377] [DEBUG] cheese - null
[2020-02-13T10:00:35.690] [DEBUG] cheese - login => username:admin,password:123456
[2020-02-13T10:00:35.694] [DEBUG] cheese - admin
[2020-02-13T10:00:35.791] [DEBUG] cheese - null
[2020-02-13T10:00:35.792] [DEBUG] cheese - null
[2020-02-14T10:10:29.970] [DEBUG] cheese - login => username:admin,password:123456
[2020-02-14T10:10:29.973] [DEBUG] cheese - admin
[2020-02-14T10:10:30.055] [DEBUG] cheese - null
[2020-02-14T10:10:30.057] [DEBUG] cheese - null
[2020-02-14T11:04:29.275] [DEBUG] cheese - login => username:admin,password:123456
[2020-02-14T11:04:29.276] [DEBUG] cheese - admin
[2020-02-14T11:04:29.282] [DEBUG] cheese - null
[2020-02-14T11:04:29.282] [DEBUG] cheese - null
[2020-02-14T11:04:36.710] [DEBUG] cheese - login => username:admin,password:123456
[2020-02-14T11:04:36.710] [DEBUG] cheese - admin
[2020-02-14T11:04:36.712] [DEBUG] cheese - null
[2020-02-14T11:04:36.713] [DEBUG] cheese - null
[2020-02-15T10:02:55.810] [DEBUG] cheese - login => username:admin,password:123456
[2020-02-15T10:02:55.811] [DEBUG] cheese - admin
[2020-02-15T10:02:55.895] [DEBUG] cheese - null
[2020-02-15T10:02:55.895] [DEBUG] cheese - null
[2020-02-15T10:34:17.357] [DEBUG] cheese - login => username:admin,password:123456
[2020-02-15T10:34:17.358] [DEBUG] cheese - admin
[2020-02-15T10:34:17.364] [DEBUG] cheese - null
[2020-02-15T10:34:17.364] [DEBUG] cheese - null
[2020-02-15T13:24:16.115] [DEBUG] cheese - login => username:admin,password:123456
[2020-02-15T13:24:16.116] [DEBUG] cheese - admin
[2020-02-15T13:24:16.122] [DEBUG] cheese - null
[2020-02-15T13:24:16.123] [DEBUG] cheese - null
[2020-02-16T11:27:05.458] [DEBUG] cheese - login => username:admin,password:123456
[2020-02-16T11:27:05.462] [DEBUG] cheese - admin
[2020-02-16T11:27:05.698] [DEBUG] cheese - null
[2020-02-16T11:27:05.699] [DEBUG] cheese - null
[2020-02-21T13:47:16.599] [DEBUG] cheese - login => username:admin,password:123456
[2020-02-21T13:47:16.600] [DEBUG] cheese - admin
[2020-02-21T13:47:16.668] [DEBUG] cheese - null
[2020-02-21T13:47:16.668] [DEBUG] cheese - null
[2020-02-21T14:14:41.067] [DEBUG] cheese - login => username:admin,password:123456
[2020-02-21T14:14:41.068] [DEBUG] cheese - admin
[2020-02-21T14:14:41.071] [DEBUG] cheese - null
[2020-02-21T14:14:41.071] [DEBUG] cheese - null
[2020-02-21T14:15:18.290] [DEBUG] cheese - login => username:admin,password:12345
[2020-02-21T14:15:18.290] [DEBUG] cheese - admin
[2020-02-21T14:15:18.294] [DEBUG] cheese - null
[2020-02-21T14:15:18.294] [DEBUG] cheese - null
[2020-02-22T14:30:09.577] [DEBUG] cheese - login => username:admin,password:123456
[2020-02-22T14:30:09.604] [DEBUG] cheese - admin
[2020-02-22T14:30:09.703] [DEBUG] cheese - null
[2020-02-22T14:30:09.704] [DEBUG] cheese - null
[2020-02-23T14:32:56.833] [DEBUG] cheese - login => username:admin,password:123456
[2020-02-23T14:32:56.846] [DEBUG] cheese - admin
[2020-02-23T14:32:56.928] [DEBUG] cheese - null
[2020-02-23T14:32:56.928] [DEBUG] cheese - null
[2020-02-24T15:45:31.006] [DEBUG] cheese - login => username:admin,password:123456
[2020-02-24T15:45:31.008] [DEBUG] cheese - admin
[2020-02-24T15:45:31.172] [DEBUG] cheese - null
[2020-02-24T15:45:31.172] [DEBUG] cheese - null
[2020-02-24T15:47:28.740] [DEBUG] cheese - login => username:admin,password:123456
[2020-02-24T15:47:28.740] [DEBUG] cheese - admin
[2020-02-24T15:47:28.744] [DEBUG] cheese - null
[2020-02-24T15:47:28.744] [DEBUG] cheese - null
[2020-02-24T16:00:51.011] [DEBUG] cheese - login => username:admin,password:123456
[2020-02-24T16:00:51.012] [DEBUG] cheese - admin
[2020-02-24T16:00:51.017] [DEBUG] cheese - null
[2020-02-24T16:00:51.017] [DEBUG] cheese - null
[2020-02-25T14:24:45.828] [DEBUG] cheese - login => username:admin,password:123456
[2020-02-25T14:24:45.832] [DEBUG] cheese - admin
[2020-02-25T14:24:45.919] [DEBUG] cheese - null
[2020-02-25T14:24:45.920] [DEBUG] cheese - null
[2020-02-25T20:29:06.726] [DEBUG] cheese - login => username:admin,password:123456
[2020-02-25T20:29:06.755] [DEBUG] cheese - admin
[2020-02-25T20:29:06.767] [DEBUG] cheese - null
[2020-02-25T20:29:06.768] [DEBUG] cheese - null
[2020-02-26T10:59:48.633] [DEBUG] cheese - login => username:admin,password:213456
[2020-02-26T10:59:48.637] [DEBUG] cheese - admin
[2020-02-26T10:59:48.697] [DEBUG] cheese - null
[2020-02-26T10:59:48.698] [DEBUG] cheese - null
[2020-02-26T10:59:53.597] [DEBUG] cheese - login => username:admin,password:123456
[2020-02-26T10:59:53.597] [DEBUG] cheese - admin
[2020-02-26T10:59:53.600] [DEBUG] cheese - null
[2020-02-26T10:59:53.600] [DEBUG] cheese - null
[2020-02-26T11:12:59.402] [DEBUG] cheese - login => username:admin,password:123456
[2020-02-26T11:12:59.403] [DEBUG] cheese - admin
[2020-02-26T11:12:59.406] [DEBUG] cheese - null
[2020-02-26T11:12:59.406] [DEBUG] cheese - null
[2020-02-26T11:15:08.770] [DEBUG] cheese - login => username:admin,password:123312132
[2020-02-26T11:15:08.770] [DEBUG] cheese - admin
[2020-02-26T11:15:08.775] [DEBUG] cheese - null
[2020-02-26T11:15:08.775] [DEBUG] cheese - null
[2020-02-26T11:15:13.802] [DEBUG] cheese - login => username:admin,password:123456
[2020-02-26T11:15:13.802] [DEBUG] cheese - admin
[2020-02-26T11:15:13.804] [DEBUG] cheese - null
[2020-02-26T11:15:13.804] [DEBUG] cheese - null
[2020-02-26T11:15:39.793] [DEBUG] cheese - login => username:admin,password:123456
[2020-02-26T11:15:39.793] [DEBUG] cheese - admin
[2020-02-26T11:15:39.796] [DEBUG] cheese - null
[2020-02-26T11:15:39.796] [DEBUG] cheese - null
[2020-02-26T20:26:53.715] [DEBUG] cheese - login => username:admin,password:123456
[2020-02-26T20:26:53.717] [DEBUG] cheese - admin
[2020-02-26T20:26:53.850] [DEBUG] cheese - null
[2020-02-26T20:26:53.851] [DEBUG] cheese - null
[2020-02-26T21:22:29.339] [DEBUG] cheese - login => username:admin,password:123456
[2020-02-26T21:22:29.340] [DEBUG] cheese - admin
[2020-02-26T21:22:29.347] [DEBUG] cheese - null
[2020-02-26T21:22:29.348] [DEBUG] cheese - null
[2020-02-26T21:30:10.309] [DEBUG] cheese - login => username:admin,password:123456
[2020-02-26T21:30:10.309] [DEBUG] cheese - admin
[2020-02-26T21:30:10.317] [DEBUG] cheese - null
[2020-02-26T21:30:10.317] [DEBUG] cheese - null
[2020-02-27T09:27:02.760] [DEBUG] cheese - login => username:admin,password:123456
[2020-02-27T09:27:02.763] [DEBUG] cheese - admin
[2020-02-27T09:27:02.872] [DEBUG] cheese - null
[2020-02-27T09:27:02.873] [DEBUG] cheese - null
[2020-02-27T09:27:45.448] [DEBUG] cheese - login => username:admin,password:123456
[2020-02-27T09:27:45.448] [DEBUG] cheese - admin
[2020-02-27T09:27:46.469] [DEBUG] cheese - { inspect: [Function: inspect] }
[2020-02-27T09:27:46.479] [DEBUG] cheese - 查询失败
[2020-02-27T09:28:20.872] [DEBUG] cheese - login => username:admin,password:123456
[2020-02-27T09:28:20.872] [DEBUG] cheese - admin
[2020-02-27T09:28:21.878] [DEBUG] cheese - { inspect: [Function: inspect] }
[2020-02-27T09:28:21.879] [DEBUG] cheese - 查询失败
[2020-02-27T09:28:39.708] [DEBUG] cheese - login => username:admin,password:123456
[2020-02-27T09:28:39.708] [DEBUG] cheese - admin
[2020-02-27T09:28:40.718] [DEBUG] cheese - { inspect: [Function: inspect] }
[2020-02-27T09:28:40.719] [DEBUG] cheese - 查询失败
[2020-02-27T09:28:41.793] [DEBUG] cheese - login => username:admin,password:123456
[2020-02-27T09:28:41.793] [DEBUG] cheese - admin
[2020-02-27T09:28:41.815] [DEBUG] cheese - null
[2020-02-27T09:28:41.815] [DEBUG] cheese - null
[2020-02-27T09:36:30.723] [DEBUG] cheese - login => username:admin,password:123456
[2020-02-27T09:36:30.724] [DEBUG] cheese - admin
[2020-02-27T09:36:30.727] [DEBUG] cheese - null
[2020-02-27T09:36:30.727] [DEBUG] cheese - null
[2020-02-27T11:10:47.409] [DEBUG] cheese - login => username:admin,password:132456
[2020-02-27T11:10:47.410] [DEBUG] cheese - admin
[2020-02-27T11:10:47.417] [DEBUG] cheese - null
[2020-02-27T11:10:47.417] [DEBUG] cheese - null
[2020-02-27T11:10:50.137] [DEBUG] cheese - login => username:admin,password:123456
[2020-02-27T11:10:50.137] [DEBUG] cheese - admin
[2020-02-27T11:10:50.139] [DEBUG] cheese - null
[2020-02-27T11:10:50.139] [DEBUG] cheese - null
[2020-02-27T15:44:11.154] [DEBUG] cheese - login => username:admin,password:123456
[2020-02-27T15:44:11.156] [DEBUG] cheese - admin
[2020-02-27T15:44:11.160] [DEBUG] cheese - null
[2020-02-27T15:44:11.160] [DEBUG] cheese - null
[2020-02-28T10:24:10.205] [DEBUG] cheese - login => username:admin,password:123456
[2020-02-28T10:24:10.206] [DEBUG] cheese - admin
[2020-02-28T10:24:10.266] [DEBUG] cheese - null
[2020-02-28T10:24:10.267] [DEBUG] cheese - null
[2020-02-28T15:38:28.469] [DEBUG] cheese - login => username:admin,password:123456
[2020-02-28T15:38:28.475] [DEBUG] cheese - admin
[2020-02-28T15:38:28.697] [DEBUG] cheese - null
[2020-02-28T15:38:28.698] [DEBUG] cheese - null
[2020-02-29T09:39:38.969] [DEBUG] cheese - login => username:admin,password:123456
[2020-02-29T09:39:38.973] [DEBUG] cheese - admin
[2020-02-29T09:39:39.119] [DEBUG] cheese - null
[2020-02-29T09:39:39.120] [DEBUG] cheese - null
[2020-02-29T09:53:45.565] [DEBUG] cheese - null
[2020-02-29T09:57:19.947] [DEBUG] cheese - null
[2020-02-29T09:58:11.556] [DEBUG] cheese - null
[2020-02-29T10:01:34.915] [DEBUG] cheese - null
[2020-02-29T10:01:37.162] [DEBUG] cheese - null
[2020-02-29T10:01:40.438] [DEBUG] cheese - null
[2020-02-29T11:00:48.554] [DEBUG] cheese - login => username:admin,password:123456
[2020-02-29T11:00:48.555] [DEBUG] cheese - admin
[2020-02-29T11:00:48.558] [DEBUG] cheese - null
[2020-02-29T11:00:48.558] [DEBUG] cheese - null
[2020-02-29T15:00:06.455] [DEBUG] cheese - login => username:admin,password:123456
[2020-02-29T15:00:06.461] [DEBUG] cheese - admin
[2020-02-29T15:00:06.575] [DEBUG] cheese - null
[2020-02-29T15:00:06.576] [DEBUG] cheese - null
[2020-02-29T19:28:54.857] [DEBUG] cheese - login => username:admin,password:123456
[2020-02-29T19:28:54.858] [DEBUG] cheese - admin
[2020-02-29T19:28:54.862] [DEBUG] cheese - null
[2020-02-29T19:28:54.862] [DEBUG] cheese - null
[2020-02-29T19:30:51.420] [DEBUG] cheese - login => username:admin,password:123456
[2020-02-29T19:30:51.420] [DEBUG] cheese - admin
[2020-02-29T19:30:51.423] [DEBUG] cheese - null
[2020-02-29T19:30:51.423] [DEBUG] cheese - null
[2020-02-29T19:31:10.305] [DEBUG] cheese - login => username:admin,password:123456
[2020-02-29T19:31:10.305] [DEBUG] cheese - admin
[2020-02-29T19:31:10.309] [DEBUG] cheese - null
[2020-02-29T19:31:10.309] [DEBUG] cheese - null
[2020-02-29T19:31:42.791] [DEBUG] cheese - login => username:admin,password:123456
[2020-02-29T19:31:42.791] [DEBUG] cheese - admin
[2020-02-29T19:31:42.794] [DEBUG] cheese - null
[2020-02-29T19:31:42.794] [DEBUG] cheese - null
[2020-02-29T19:32:27.229] [DEBUG] cheese - login => username:admin,password:123456
[2020-02-29T19:32:27.229] [DEBUG] cheese - admin
[2020-02-29T19:32:27.233] [DEBUG] cheese - null
[2020-02-29T19:32:27.233] [DEBUG] cheese - null
[2020-02-29T19:35:18.223] [DEBUG] cheese - login => username:admin,password:123456
[2020-02-29T19:35:18.223] [DEBUG] cheese - admin
[2020-02-29T19:35:18.226] [DEBUG] cheese - null
[2020-02-29T19:35:18.226] [DEBUG] cheese - null
[2020-02-29T19:36:49.935] [DEBUG] cheese - null
[2020-02-29T19:38:38.388] [DEBUG] cheese - null
[2020-02-29T21:09:45.171] [DEBUG] cheese - login => username:admin,password:123456
[2020-02-29T21:09:45.172] [DEBUG] cheese - admin
[2020-02-29T21:09:45.340] [DEBUG] cheese - null
[2020-02-29T21:09:45.341] [DEBUG] cheese - null
[2020-02-29T21:10:01.996] [DEBUG] cheese - login => username:admin,password:123456
[2020-02-29T21:10:01.996] [DEBUG] cheese - admin
[2020-02-29T21:10:01.999] [DEBUG] cheese - null
[2020-02-29T21:10:02.000] [DEBUG] cheese - null
[2020-02-29T21:10:52.349] [DEBUG] cheese - null
[2020-02-29T21:10:55.958] [DEBUG] cheese - null
[2020-02-29T21:10:59.437] [DEBUG] cheese - null
[2020-02-29T21:12:01.731] [DEBUG] cheese - null
[2020-02-29T21:12:05.904] [DEBUG] cheese - null
[2020-03-01T09:04:45.240] [DEBUG] cheese - login => username:admin,password:123456
[2020-03-01T09:04:45.242] [DEBUG] cheese - admin
[2020-03-01T09:04:45.381] [DEBUG] cheese - null
[2020-03-01T09:04:45.381] [DEBUG] cheese - null
[2020-03-01T09:04:58.695] [DEBUG] cheese - login => username:admin,password:123456
[2020-03-01T09:04:58.695] [DEBUG] cheese - admin
[2020-03-01T09:04:58.698] [DEBUG] cheese - null
[2020-03-01T09:04:58.698] [DEBUG] cheese - null
[2020-03-01T09:05:08.690] [DEBUG] cheese - login => username:admin,password:123456
[2020-03-01T09:05:08.690] [DEBUG] cheese - admin
[2020-03-01T09:05:08.695] [DEBUG] cheese - null
[2020-03-01T09:05:08.695] [DEBUG] cheese - null
[2020-03-01T09:05:24.812] [DEBUG] cheese - login => username:admin,password:123456
[2020-03-01T09:05:24.812] [DEBUG] cheese - admin
[2020-03-01T09:05:24.814] [DEBUG] cheese - null
[2020-03-01T09:05:24.814] [DEBUG] cheese - null
[2020-03-01T09:05:41.563] [DEBUG] cheese - login => username:admin,password:123456
[2020-03-01T09:05:41.563] [DEBUG] cheese - admin
[2020-03-01T09:05:41.567] [DEBUG] cheese - null
[2020-03-01T09:05:41.567] [DEBUG] cheese - null
[2020-03-01T09:05:57.316] [DEBUG] cheese - login => username:admin,password:11111111
[2020-03-01T09:05:57.316] [DEBUG] cheese - admin
[2020-03-01T09:05:57.322] [DEBUG] cheese - null
[2020-03-01T09:05:57.322] [DEBUG] cheese - null
[2020-03-01T09:06:02.167] [DEBUG] cheese - login => username:admin,password:11111111
[2020-03-01T09:06:02.167] [DEBUG] cheese - admin
[2020-03-01T09:06:02.169] [DEBUG] cheese - null
[2020-03-01T09:06:02.169] [DEBUG] cheese - null
[2020-03-01T09:06:24.570] [DEBUG] cheese - login => username:admin,password:11111111
[2020-03-01T09:06:24.571] [DEBUG] cheese - admin
[2020-03-01T09:06:24.578] [DEBUG] cheese - null
[2020-03-01T09:06:24.579] [DEBUG] cheese - null
[2020-03-01T09:06:27.614] [DEBUG] cheese - login => username:admin,password:123456
[2020-03-01T09:06:27.614] [DEBUG] cheese - admin
[2020-03-01T09:06:27.617] [DEBUG] cheese - null
[2020-03-01T09:06:27.617] [DEBUG] cheese - null
[2020-03-01T09:55:56.412] [DEBUG] cheese - login => username:admin,password:123456
[2020-03-01T09:55:56.413] [DEBUG] cheese - admin
[2020-03-01T09:55:56.420] [DEBUG] cheese - null
[2020-03-01T09:55:56.420] [DEBUG] cheese - null
[2020-03-01T14:24:49.651] [DEBUG] cheese - login => username:admin,password:123456
[2020-03-01T14:24:49.654] [DEBUG] cheese - admin
[2020-03-01T14:24:49.680] [DEBUG] cheese - null
[2020-03-01T14:24:49.681] [DEBUG] cheese - null
[2020-03-01T20:31:34.377] [DEBUG] cheese - login => username:admin,password:123456
[2020-03-01T20:31:34.378] [DEBUG] cheese - admin
[2020-03-01T20:31:34.433] [DEBUG] cheese - null
[2020-03-01T20:31:34.433] [DEBUG] cheese - null
[2020-03-01T20:37:42.134] [DEBUG] cheese - login => username:admin,password:123456
[2020-03-01T20:37:42.135] [DEBUG] cheese - admin
[2020-03-01T20:37:42.138] [DEBUG] cheese - null
[2020-03-01T20:37:42.139] [DEBUG] cheese - null
[2020-03-02T09:21:23.411] [DEBUG] cheese - login => username:admin,password:123456
[2020-03-02T09:21:23.417] [DEBUG] cheese - admin
[2020-03-02T09:21:23.578] [DEBUG] cheese - null
[2020-03-02T09:21:23.578] [DEBUG] cheese - null
[2020-03-02T20:14:37.919] [DEBUG] cheese - login => username:admin,password:123456
[2020-03-02T20:14:37.920] [DEBUG] cheese - admin
[2020-03-02T20:14:37.987] [DEBUG] cheese - null
[2020-03-02T20:14:37.988] [DEBUG] cheese - null
[2020-03-03T08:59:53.868] [DEBUG] cheese - login => username:admin,password:123456
[2020-03-03T08:59:53.869] [DEBUG] cheese - admin
[2020-03-03T08:59:53.909] [DEBUG] cheese - null
[2020-03-03T08:59:53.910] [DEBUG] cheese - null
[2020-03-03T10:26:49.371] [DEBUG] cheese - login => username:admin,password:123456
[2020-03-03T10:26:49.372] [DEBUG] cheese - admin
[2020-03-03T10:26:49.548] [DEBUG] cheese - null
[2020-03-03T10:26:49.549] [DEBUG] cheese - null
[2020-03-04T09:14:48.810] [DEBUG] cheese - login => username:admin,password:123456
[2020-03-04T09:14:48.812] [DEBUG] cheese - admin
[2020-03-04T09:14:48.957] [DEBUG] cheese - null
[2020-03-04T09:14:48.958] [DEBUG] cheese - null
[2020-03-04T16:52:28.135] [DEBUG] cheese - login => username:admin,password:123456
[2020-03-04T16:52:28.137] [DEBUG] cheese - admin
[2020-03-04T16:52:28.279] [DEBUG] cheese - null
[2020-03-04T16:52:28.280] [DEBUG] cheese - null
[2020-03-04T16:54:04.727] [DEBUG] cheese - login => username:admin,password:123456
[2020-03-04T16:54:04.729] [DEBUG] cheese - admin
[2020-03-04T16:54:04.734] [DEBUG] cheese - null
[2020-03-04T16:54:04.734] [DEBUG] cheese - null
[2020-03-04T21:32:11.336] [DEBUG] cheese - login => username:admin,password:123456
[2020-03-04T21:32:11.337] [DEBUG] cheese - admin
[2020-03-04T21:32:11.404] [DEBUG] cheese - null
[2020-03-04T21:32:11.405] [DEBUG] cheese - null
[2020-03-05T10:42:58.735] [DEBUG] cheese - login => username:admin,password:123456
[2020-03-05T10:42:58.828] [DEBUG] cheese - admin
[2020-03-05T10:42:59.038] [DEBUG] cheese - null
[2020-03-05T10:42:59.038] [DEBUG] cheese - null
[2020-03-05T16:33:09.326] [DEBUG] cheese - login => username:admin,password:123456
[2020-03-05T16:33:09.327] [DEBUG] cheese - admin
[2020-03-05T16:33:09.332] [DEBUG] cheese - null
[2020-03-05T16:33:09.333] [DEBUG] cheese - null
